07-11-2018 13:25:58 ERROR MainScreenCtrl:80 - Error resolving onAction='#criarFormularioNovo', either the event handler is not in the Namespace or there is an error in the script.
/home/clarissa/eclipse-workspace/DocManagerWithAspectJML/target/classes/visions/health_main_screen.fxml:20

javafx.fxml.LoadException: Error resolving onAction='#criarFormularioNovo', either the event handler is not in the Namespace or there is an error in the script.
/home/clarissa/eclipse-workspace/DocManagerWithAspectJML/target/classes/visions/health_main_screen.fxml:20

	at javafx.fxml.FXMLLoader.constructLoadException(FXMLLoader.java:2597)
	at javafx.fxml.FXMLLoader.access$100(FXMLLoader.java:103)
	at javafx.fxml.FXMLLoader$Element.processEventHandlerAttributes(FXMLLoader.java:610)
	at javafx.fxml.FXMLLoader$ValueElement.processEndElement(FXMLLoader.java:770)
	at javafx.fxml.FXMLLoader.processEndElement(FXMLLoader.java:2823)
	at javafx.fxml.FXMLLoader.loadImpl(FXMLLoader.java:2532)
	at javafx.fxml.FXMLLoader.loadImpl(FXMLLoader.java:2441)
	at javafx.fxml.FXMLLoader.load(FXMLLoader.java:2409)
	at presentation.MainScreenCtrl.showMainScreen(MainScreenCtrl.java:74)
	at Main.start(Main.java:55)
	at com.sun.javafx.application.LauncherImpl.lambda$launchApplication1$161(LauncherImpl.java:863)
	at com.sun.javafx.application.PlatformImpl.lambda$runAndWait$174(PlatformImpl.java:326)
	at com.sun.javafx.application.PlatformImpl.lambda$null$172(PlatformImpl.java:295)
	at java.security.AccessController.doPrivileged(Native Method)
	at com.sun.javafx.application.PlatformImpl.lambda$runLater$173(PlatformImpl.java:294)
	at com.sun.glass.ui.InvokeLaterDispatcher$Future.run(InvokeLaterDispatcher.java:95)
	at com.sun.glass.ui.gtk.GtkApplication._runLoop(Native Method)
	at com.sun.glass.ui.gtk.GtkApplication.lambda$null$48(GtkApplication.java:139)
	at java.lang.Thread.run(Thread.java:748)
